2026-03-07T15:53:15+00:00 calibrator_skipped reason=insufficient_labeled_data
2026-03-07T15:53:15+00:00 training_done user_labeled=0 pseudo=0 crawler_refs=30
2026-03-07T15:54:33+00:00 calibrator_skipped reason=insufficient_labeled_data
2026-03-07T15:54:33+00:00 training_done user_labeled=0 pseudo=0 crawler_refs=30
2026-03-07T16:07:51+00:00 calibrator_skipped reason=insufficient_labeled_data
2026-03-07T16:07:51+00:00 training_done user_labeled=0 pseudo=0 crawler_refs=50
2026-03-07T16:07:51+00:00 model_metrics_updated trained_increment=50
2026-03-07T16:11:59+00:00 calibrator_skipped reason=insufficient_labeled_data
2026-03-07T16:11:59+00:00 training_done user_labeled=0 pseudo=0 crawler_refs=50
2026-03-07T16:11:59+00:00 model_metrics_updated trained_increment=50
2026-03-07T16:12:03+00:00 calibrator_skipped reason=insufficient_labeled_data
2026-03-07T16:12:03+00:00 training_done user_labeled=0 pseudo=0 crawler_refs=50
2026-03-07T16:12:03+00:00 model_metrics_updated trained_increment=50
2026-03-07T16:12:05+00:00 calibrator_skipped reason=insufficient_labeled_data
2026-03-07T16:12:05+00:00 training_done user_labeled=0 pseudo=0 crawler_refs=50
2026-03-07T16:12:05+00:00 model_metrics_updated trained_increment=50
2026-03-07T16:12:06+00:00 calibrator_skipped reason=insufficient_labeled_data
2026-03-07T16:12:06+00:00 training_done user_labeled=0 pseudo=0 crawler_refs=50
2026-03-07T16:12:06+00:00 model_metrics_updated trained_increment=50
2026-03-07T16:12:06+00:00 calibrator_skipped reason=insufficient_labeled_data
2026-03-07T16:12:06+00:00 training_done user_labeled=0 pseudo=0 crawler_refs=50
2026-03-07T16:12:06+00:00 model_metrics_updated trained_increment=50
2026-03-07T16:12:07+00:00 calibrator_skipped reason=insufficient_labeled_data
2026-03-07T16:12:07+00:00 training_done user_labeled=0 pseudo=0 crawler_refs=50
2026-03-07T16:12:07+00:00 model_metrics_updated trained_increment=50
2026-03-07T16:12:13+00:00 calibrator_skipped reason=insufficient_labeled_data
2026-03-07T16:12:13+00:00 training_done user_labeled=0 pseudo=0 crawler_refs=50
2026-03-07T16:12:13+00:00 model_metrics_updated trained_increment=50
2026-03-07T16:12:20+00:00 calibrator_skipped reason=insufficient_labeled_data
2026-03-07T16:12:20+00:00 training_done user_labeled=0 pseudo=0 crawler_refs=50
2026-03-07T16:12:20+00:00 model_metrics_updated trained_increment=50
2026-03-07T16:12:21+00:00 calibrator_skipped reason=insufficient_labeled_data
2026-03-07T16:12:21+00:00 training_done user_labeled=0 pseudo=0 crawler_refs=50
2026-03-07T16:12:21+00:00 model_metrics_updated trained_increment=50
2026-03-07T16:12:21+00:00 calibrator_skipped reason=insufficient_labeled_data
2026-03-07T16:12:21+00:00 training_done user_labeled=0 pseudo=0 crawler_refs=50
2026-03-07T16:12:21+00:00 model_metrics_updated trained_increment=50
2026-03-07T16:12:28+00:00 calibrator_skipped reason=insufficient_labeled_data
2026-03-07T16:12:28+00:00 training_done user_labeled=0 pseudo=0 crawler_refs=50
2026-03-07T16:12:28+00:00 model_metrics_updated trained_increment=50
2026-03-07T16:12:29+00:00 calibrator_skipped reason=insufficient_labeled_data
2026-03-07T16:12:29+00:00 training_done user_labeled=0 pseudo=0 crawler_refs=50
2026-03-07T16:12:29+00:00 model_metrics_updated trained_increment=50
2026-03-07T16:13:54+00:00 calibrator_skipped reason=insufficient_labeled_data
2026-03-07T16:13:54+00:00 training_done user_labeled=0 pseudo=0 crawler_refs=50
2026-03-07T16:13:54+00:00 model_metrics_updated trained_increment=50
2026-03-07T16:13:57+00:00 calibrator_skipped reason=insufficient_labeled_data
2026-03-07T16:13:57+00:00 training_done user_labeled=0 pseudo=0 crawler_refs=50
2026-03-07T16:13:57+00:00 model_metrics_updated trained_increment=50
2026-03-07T16:13:58+00:00 calibrator_skipped reason=insufficient_labeled_data
2026-03-07T16:13:58+00:00 training_done user_labeled=0 pseudo=0 crawler_refs=50
2026-03-07T16:13:58+00:00 model_metrics_updated trained_increment=50
2026-03-07T16:14:02+00:00 calibrator_skipped reason=insufficient_labeled_data
2026-03-07T16:14:02+00:00 training_done user_labeled=0 pseudo=0 crawler_refs=50
2026-03-07T16:14:02+00:00 model_metrics_updated trained_increment=50
2026-03-07T16:14:03+00:00 calibrator_skipped reason=insufficient_labeled_data
2026-03-07T16:14:03+00:00 training_done user_labeled=0 pseudo=0 crawler_refs=50
2026-03-07T16:14:03+00:00 model_metrics_updated trained_increment=50
2026-03-07T16:14:04+00:00 calibrator_skipped reason=insufficient_labeled_data
2026-03-07T16:14:04+00:00 training_done user_labeled=0 pseudo=0 crawler_refs=50
2026-03-07T16:14:04+00:00 model_metrics_updated trained_increment=50
2026-03-07T16:14:10+00:00 calibrator_skipped reason=insufficient_labeled_data
2026-03-07T16:14:10+00:00 training_done user_labeled=0 pseudo=0 crawler_refs=50
2026-03-07T16:14:10+00:00 model_metrics_updated trained_increment=50
2026-03-07T16:14:11+00:00 calibrator_skipped reason=insufficient_labeled_data
2026-03-07T16:14:11+00:00 training_done user_labeled=0 pseudo=0 crawler_refs=50
2026-03-07T16:14:11+00:00 model_metrics_updated trained_increment=50
2026-03-07T16:14:12+00:00 calibrator_skipped reason=insufficient_labeled_data
2026-03-07T16:14:12+00:00 training_done user_labeled=0 pseudo=0 crawler_refs=50
2026-03-07T16:14:12+00:00 model_metrics_updated trained_increment=50
2026-03-07T16:16:17+00:00 calibrator_skipped reason=insufficient_labeled_data
2026-03-07T16:16:17+00:00 training_done user_labeled=0 pseudo=0 crawler_refs=50
2026-03-07T16:16:17+00:00 model_metrics_updated trained_increment=50
2026-03-07T21:58:25+05:30 calibrator_skipped reason=insufficient_labeled_data
2026-03-07T21:58:25+05:30 training_done user_labeled=0 pseudo=0 crawler_refs=50
2026-03-07T21:58:25+05:30 model_metrics_updated trained_increment=50
2026-03-07T21:58:29+05:30 calibrator_skipped reason=insufficient_labeled_data
2026-03-07T21:58:29+05:30 training_done user_labeled=0 pseudo=0 crawler_refs=50
2026-03-07T21:58:29+05:30 model_metrics_skipped reason=duplicate_training_data
2026-03-07T21:58:32+05:30 calibrator_skipped reason=insufficient_labeled_data
2026-03-07T21:58:32+05:30 training_done user_labeled=0 pseudo=0 crawler_refs=50
2026-03-07T21:58:33+05:30 model_metrics_skipped reason=duplicate_training_data
2026-03-07T22:01:15+05:30 calibrator_skipped reason=insufficient_labeled_data
2026-03-07T22:01:15+05:30 training_done user_labeled=0 pseudo=0 crawler_refs=100
2026-03-07T22:01:15+05:30 model_metrics_updated trained_increment=100
2026-03-07T22:19:24+05:30 calibrator_skipped reason=insufficient_labeled_data
2026-03-07T22:19:24+05:30 training_done user_labeled=0 pseudo=0 crawler_refs=100
2026-03-07T22:19:24+05:30 model_metrics_skipped reason=duplicate_training_data
2026-03-07T22:19:29+05:30 calibrator_skipped reason=insufficient_labeled_data
2026-03-07T22:19:29+05:30 training_done user_labeled=0 pseudo=0 crawler_refs=100
2026-03-07T22:19:29+05:30 model_metrics_skipped reason=duplicate_training_data
2026-03-07T22:19:34+05:30 calibrator_skipped reason=insufficient_labeled_data
2026-03-07T22:19:34+05:30 training_done user_labeled=0 pseudo=0 crawler_refs=100
2026-03-07T22:19:34+05:30 model_metrics_skipped reason=duplicate_training_data
2026-03-07T22:19:37+05:30 calibrator_skipped reason=insufficient_labeled_data
2026-03-07T22:19:37+05:30 training_done user_labeled=0 pseudo=0 crawler_refs=100
2026-03-07T22:19:37+05:30 model_metrics_skipped reason=duplicate_training_data
2026-03-07T22:19:42+05:30 calibrator_skipped reason=insufficient_labeled_data
2026-03-07T22:19:42+05:30 training_done user_labeled=0 pseudo=0 crawler_refs=100
2026-03-07T22:19:42+05:30 model_metrics_skipped reason=duplicate_training_data
2026-03-07T22:36:47+05:30 calibrator_skipped reason=insufficient_labeled_data
2026-03-07T22:36:47+05:30 training_done status=skipped reason=insufficient_labeled_data user_labeled=0 pseudo=0 crawler_refs=100
2026-03-07T22:38:02+05:30 sample_saved id=0194d73bc8974c5fbadc14dfb4e4333d modality=image prediction=real
2026-03-07T22:38:32+05:30 sample_saved id=889ff6c113ef46b5876d9b88182ab181 modality=image prediction=deepfake
2026-03-07T22:38:54+05:30 sample_saved id=47f114f969734abeaa6bb1853161062e modality=image prediction=deepfake
2026-03-14T10:46:04+05:30 calibrator_skipped reason=insufficient_labeled_data
2026-03-14T10:46:04+05:30 training_done status=skipped reason=insufficient_labeled_data user_labeled=0 pseudo=3 crawler_refs=100
2026-03-14T10:47:32+05:30 sample_saved id=fe914dc3a0ae43389cb253dbd33e97da modality=image prediction=deepfake
2026-03-14T10:48:11+05:30 sample_saved id=00af335c721f4b0ab83f325edfc49fcb modality=image prediction=deepfake
2026-03-14T10:49:10+05:30 calibrator_skipped reason=insufficient_labeled_data
2026-03-14T10:49:10+05:30 training_done status=skipped reason=insufficient_labeled_data user_labeled=0 pseudo=5 crawler_refs=0
2026-03-14T16:03:02+05:30 sample_saved id=2eae112573704086a2eac7fc01cda47c modality=image prediction=deepfake
2026-03-14T16:03:11+05:30 feedback_saved id=2eae112573704086a2eac7fc01cda47c label=real rating=3
2026-03-14T16:03:45+05:30 sample_saved id=b89948fc898e43d785aa9bdb96db8649 modality=image prediction=deepfake
2026-03-14T16:05:36+05:30 sample_saved id=86a19d86cc8e439aad169ffff68e361c modality=image prediction=deepfake
2026-03-14T17:27:23+05:30 sample_saved id=1424b66e57804594bf2ea7b37043a6e0 modality=image prediction=deepfake
2026-03-14T17:40:22+05:30 sample_saved id=927e9909107f415aa3588b989bbd3439 modality=image prediction=uncertain
2026-03-14T17:58:38+05:30 sample_saved id=10b9f3d9a0104f2596072b0c1b0065cd modality=image prediction=deepfake
2026-03-14T18:03:21+05:30 sample_saved id=89ba750f4e814578b45b6093b03edcc6 modality=image prediction=deepfake
2026-03-14T18:09:47+05:30 sample_saved id=2473c7b442024cb98c04b9adb50cb797 modality=image prediction=deepfake
2026-03-14T18:12:28+05:30 sample_saved id=b7f04abf21bc447a9777b78609d83d66 modality=image prediction=deepfake
2026-03-14T18:30:05+05:30 sample_saved id=b781e11a97ff45d5a5801556659a0a11 modality=image prediction=deepfake
2026-03-14T18:30:10+05:30 sample_saved id=d35686d749de4dbbbb3f23bc239f5a34 modality=image prediction=deepfake
2026-03-14T18:34:44+05:30 sample_saved id=8f957ffe0a8c4de1be3f684d381d9365 modality=image prediction=deepfake
